========================================
General Configuration:
	Wighting: MoCoPlus
	Architecture: HPS
	Rep_Grad: False
	Multi_Input: True
	Seed: 0
	Device: cuda:0
MoCoPlus Configuration:
	weighting: MoCoPlus
	c_mocoplus: 10.0
	k_mocoplus: 0.0001
	w_mocoplus: 0.01
	sigma_mocoplus: 0.1
	gamma_mocoplus: 100.0
	gn_mocoplus: l2
Optimizer Configuration:
	optim: adam
	lr: 1e-05
	weight_decay: 1e-05
========================================
Total Params: 11573572
Trainable Params: 11573572
Non-trainable Params: 0
========================================
LOG FORMAT | Art_LOSS Acc | Clipart_LOSS Acc | Product_LOSS Acc | Real_World_LOSS Acc | TIME
