========================================
General Configuration:
	Wighting: MoCoPlus
	Architecture: HPS
	Rep_Grad: False
	Multi_Input: True
	Seed: 0
	Device: cuda:1
MoCoPlus Configuration:
	weighting: MoCoPlus
	c_mocoplus: 10.0
	k_mocoplus: 0.0001
	w_mocoplus: 0.001
	sigma_mocoplus: 0.1
	gamma_mocoplus: 100.0
	gn_mocoplus: l2
Optimizer Configuration:
	optim: adam
	lr: 0.0001
	weight_decay: 1e-05
========================================
Total Params: 11487901
Trainable Params: 11487901
Non-trainable Params: 0
========================================
LOG FORMAT | amazon_LOSS Acc | dslr_LOSS Acc | webcam_LOSS Acc | TIME
Epoch: 0000 | TRAIN: 2.4672 0.4483 | 1.6972 0.7500 | 1.8329 0.6983 | Time: 77.9553 | VAL: 1.6818 0.7138 | 1.2388 0.9663 | 1.3001 0.8859 | Time: 2.4601 | TEST: 1.6653 0.7128 | 1.2801 0.8852 | 1.4072 0.8778 | Time: 2.8832
Epoch: 0001 | TRAIN: 1.3035 0.7554 | 0.4988 0.9970 | 0.7166 0.9790 | Time: 56.6536 | VAL: 1.3138 0.7663 | 0.7751 0.9888 | 0.9156 0.9597 | Time: 2.4280 | TEST: 1.3035 0.7709 | 0.8125 0.9754 | 1.0260 0.9611 | Time: 2.8858
Epoch: 0002 | TRAIN: 0.8678 0.8630 | 0.2060 1.0000 | 0.3647 0.9982 | Time: 56.7330 | VAL: 1.0807 0.8351 | 0.6116 1.0000 | 0.7107 0.9732 | Time: 2.4693 | TEST: 1.0837 0.8222 | 0.6614 0.9754 | 0.8089 0.9833 | Time: 2.9197
Epoch: 0003 | TRAIN: 0.5904 0.9219 | 0.1128 1.0000 | 0.2019 0.9994 | Time: 56.7953 | VAL: 0.9764 0.8388 | 0.5070 1.0000 | 0.6044 0.9799 | Time: 2.4547 | TEST: 0.9825 0.8444 | 0.5633 0.9754 | 0.7031 0.9833 | Time: 2.9183
Epoch: 0004 | TRAIN: 0.4014 0.9579 | 0.0683 1.0000 | 0.1238 1.0000 | Time: 56.7736 | VAL: 0.9506 0.8533 | 0.4816 1.0000 | 0.5170 0.9799 | Time: 2.4557 | TEST: 0.9575 0.8479 | 0.5194 0.9754 | 0.6228 0.9889 | Time: 2.9730
Epoch: 0005 | TRAIN: 0.2702 0.9832 | 0.0490 1.0000 | 0.0831 1.0000 | Time: 56.7915 | VAL: 0.8997 0.8714 | 0.4385 1.0000 | 0.4562 0.9799 | Time: 2.4536 | TEST: 0.9073 0.8444 | 0.5027 0.9672 | 0.5687 0.9833 | Time: 2.9143
Epoch: 0006 | TRAIN: 0.1770 0.9928 | 0.0370 1.0000 | 0.0635 1.0000 | Time: 56.8700 | VAL: 0.8250 0.8659 | 0.4557 1.0000 | 0.4647 0.9732 | Time: 2.4972 | TEST: 0.8459 0.8564 | 0.4967 0.9754 | 0.5549 0.9833 | Time: 2.9176
Epoch: 0007 | TRAIN: 0.1278 0.9982 | 0.0283 1.0000 | 0.0503 1.0000 | Time: 56.6287 | VAL: 0.8154 0.8623 | 0.4636 0.9888 | 0.4463 0.9799 | Time: 2.4577 | TEST: 0.8261 0.8530 | 0.4988 0.9754 | 0.5495 0.9833 | Time: 2.9237
Epoch: 0008 | TRAIN: 0.0879 0.9994 | 0.0234 1.0000 | 0.0393 1.0000 | Time: 57.9398 | VAL: 0.8002 0.8696 | 0.4487 1.0000 | 0.4261 0.9732 | Time: 2.7945 | TEST: 0.7969 0.8564 | 0.4988 0.9672 | 0.5438 0.9889 | Time: 3.2786
Epoch: 0009 | TRAIN: 0.0615 1.0000 | 0.0202 1.0000 | 0.0327 1.0000 | Time: 59.8788 | VAL: 0.7751 0.8786 | 0.4744 1.0000 | 0.4356 0.9799 | Time: 2.8971 | TEST: 0.7826 0.8598 | 0.5258 0.9754 | 0.5393 0.9833 | Time: 3.3460
Epoch: 0010 | TRAIN: 0.0455 1.0000 | 0.0182 1.0000 | 0.0271 1.0000 | Time: 59.5124 | VAL: 0.7108 0.8696 | 0.4755 1.0000 | 0.4487 0.9799 | Time: 3.1721 | TEST: 0.7403 0.8632 | 0.5155 0.9836 | 0.5290 0.9833 | Time: 3.3045
Epoch: 0011 | TRAIN: 0.0357 1.0000 | 0.0175 1.0000 | 0.0231 1.0000 | Time: 59.4990 | VAL: 0.6941 0.8678 | 0.5163 0.9888 | 0.4312 0.9732 | Time: 2.7479 | TEST: 0.6992 0.8496 | 0.5648 0.9672 | 0.5336 0.9722 | Time: 3.1457
Epoch: 0012 | TRAIN: 0.0283 1.0000 | 0.0149 1.0000 | 0.0202 1.0000 | Time: 56.9430 | VAL: 0.6811 0.8678 | 0.5274 0.9888 | 0.4278 0.9799 | Time: 2.4884 | TEST: 0.7038 0.8513 | 0.5700 0.9754 | 0.5267 0.9722 | Time: 3.0072
Epoch: 0013 | TRAIN: 0.0258 1.0000 | 0.0146 1.0000 | 0.0178 1.0000 | Time: 56.8026 | VAL: 0.6709 0.8605 | 0.5159 0.9775 | 0.4300 0.9799 | Time: 2.4726 | TEST: 0.6912 0.8513 | 0.6058 0.9754 | 0.5312 0.9778 | Time: 2.9378
Epoch: 0014 | TRAIN: 0.0211 1.0000 | 0.0134 1.0000 | 0.0157 1.0000 | Time: 56.7383 | VAL: 0.6422 0.8659 | 0.5506 0.9888 | 0.4237 0.9799 | Time: 2.4611 | TEST: 0.6668 0.8496 | 0.5997 0.9754 | 0.5214 0.9722 | Time: 2.9080
Epoch: 0015 | TRAIN: 0.0194 1.0000 | 0.0128 1.0000 | 0.0152 1.0000 | Time: 56.7473 | VAL: 0.6507 0.8460 | 0.5246 0.9888 | 0.3986 0.9732 | Time: 2.4380 | TEST: 0.6667 0.8513 | 0.5752 0.9754 | 0.5010 0.9833 | Time: 2.9053
Epoch: 0016 | TRAIN: 0.0177 1.0000 | 0.0123 1.0000 | 0.0138 1.0000 | Time: 58.6207 | VAL: 0.6154 0.8659 | 0.5126 0.9888 | 0.4320 0.9799 | Time: 2.8255 | TEST: 0.6098 0.8632 | 0.5667 0.9590 | 0.5244 0.9611 | Time: 3.3063
Epoch: 0017 | TRAIN: 0.0168 1.0000 | 0.0113 1.0000 | 0.0126 1.0000 | Time: 59.8019 | VAL: 0.6413 0.8569 | 0.5109 1.0000 | 0.3589 0.9732 | Time: 2.7649 | TEST: 0.6632 0.8547 | 0.5681 0.9672 | 0.4694 0.9667 | Time: 3.3448
Epoch: 0018 | TRAIN: 0.0153 1.0000 | 0.0108 1.0000 | 0.0113 1.0000 | Time: 60.0411 | VAL: 0.6342 0.8605 | 0.5692 0.9775 | 0.3993 0.9799 | Time: 2.7696 | TEST: 0.6250 0.8376 | 0.6117 0.9426 | 0.4928 0.9833 | Time: 3.1793
Epoch: 0019 | TRAIN: 0.0146 1.0000 | 0.0106 1.0000 | 0.0111 1.0000 | Time: 60.2544 | VAL: 0.6236 0.8623 | 0.4628 0.9888 | 0.3816 0.9664 | Time: 2.9281 | TEST: 0.6201 0.8632 | 0.5246 0.9508 | 0.4888 0.9667 | Time: 3.2694
Epoch: 0020 | TRAIN: 0.0145 1.0000 | 0.0095 1.0000 | 0.0103 1.0000 | Time: 59.8005 | VAL: 0.6313 0.8533 | 0.5207 0.9888 | 0.3934 0.9799 | Time: 2.7824 | TEST: 0.6197 0.8513 | 0.5723 0.9754 | 0.4939 0.9611 | Time: 3.2970
Epoch: 0021 | TRAIN: 0.0128 1.0000 | 0.0098 1.0000 | 0.0102 1.0000 | Time: 59.9184 | VAL: 0.6039 0.8623 | 0.4593 0.9775 | 0.3340 0.9799 | Time: 2.6403 | TEST: 0.6373 0.8427 | 0.5230 0.9508 | 0.4189 0.9833 | Time: 3.4310
Epoch: 0022 | TRAIN: 0.0123 0.9994 | 0.0090 1.0000 | 0.0093 1.0000 | Time: 60.1661 | VAL: 0.6066 0.8605 | 0.4899 1.0000 | 0.3808 0.9664 | Time: 2.7766 | TEST: 0.6046 0.8581 | 0.5460 0.9426 | 0.4861 0.9667 | Time: 3.1876
Epoch: 0023 | TRAIN: 0.0120 1.0000 | 0.0083 1.0000 | 0.0093 1.0000 | Time: 59.6634 | VAL: 0.6339 0.8496 | 0.4678 0.9888 | 0.3428 0.9732 | Time: 2.9180 | TEST: 0.6336 0.8632 | 0.5598 0.9590 | 0.4877 0.9611 | Time: 3.2010
Epoch: 0024 | TRAIN: 0.0109 1.0000 | 0.0082 1.0000 | 0.0094 1.0000 | Time: 61.3394 | VAL: 0.6139 0.8514 | 0.4498 0.9888 | 0.3339 0.9866 | Time: 2.8573 | TEST: 0.6255 0.8564 | 0.5295 0.9754 | 0.4213 0.9722 | Time: 3.3465
Epoch: 0025 | TRAIN: 0.0115 1.0000 | 0.0078 1.0000 | 0.0081 1.0000 | Time: 59.0461 | VAL: 0.5980 0.8569 | 0.4522 0.9888 | 0.3611 0.9799 | Time: 2.5441 | TEST: 0.6094 0.8564 | 0.5310 0.9426 | 0.4499 0.9611 | Time: 3.1833
Epoch: 0026 | TRAIN: 0.0106 1.0000 | 0.0077 1.0000 | 0.0085 1.0000 | Time: 59.2884 | VAL: 0.5971 0.8641 | 0.4377 0.9888 | 0.3511 0.9732 | Time: 2.8050 | TEST: 0.6268 0.8359 | 0.5158 0.9344 | 0.4686 0.9611 | Time: 3.1054
Epoch: 0027 | TRAIN: 0.0100 1.0000 | 0.0071 1.0000 | 0.0072 1.0000 | Time: 59.4062 | VAL: 0.6172 0.8496 | 0.4710 0.9775 | 0.3156 0.9866 | Time: 2.6714 | TEST: 0.6331 0.8513 | 0.5093 0.9672 | 0.4172 0.9611 | Time: 3.0692
Epoch: 0028 | TRAIN: 0.0094 1.0000 | 0.0071 1.0000 | 0.0074 1.0000 | Time: 60.2476 | VAL: 0.6230 0.8605 | 0.4483 0.9775 | 0.3665 0.9799 | Time: 2.7779 | TEST: 0.6192 0.8479 | 0.5265 0.9590 | 0.4541 0.9722 | Time: 3.1471
Epoch: 0029 | TRAIN: 0.0091 1.0000 | 0.0068 1.0000 | 0.0071 1.0000 | Time: 59.6012 | VAL: 0.6223 0.8569 | 0.4478 1.0000 | 0.3255 0.9799 | Time: 2.6321 | TEST: 0.6237 0.8547 | 0.5282 0.9426 | 0.4234 0.9722 | Time: 3.3296
Epoch: 0030 | TRAIN: 0.0089 1.0000 | 0.0068 1.0000 | 0.0067 1.0000 | Time: 60.5188 | VAL: 0.6308 0.8623 | 0.4542 0.9775 | 0.3035 0.9799 | Time: 2.7826 | TEST: 0.6363 0.8496 | 0.5134 0.9508 | 0.4177 0.9722 | Time: 3.1437
Epoch: 0031 | TRAIN: 0.0093 1.0000 | 0.0071 1.0000 | 0.0066 1.0000 | Time: 58.7766 | VAL: 0.6080 0.8623 | 0.4386 0.9551 | 0.2836 0.9799 | Time: 2.7054 | TEST: 0.6064 0.8496 | 0.4914 0.9754 | 0.3790 0.9778 | Time: 3.2990
Epoch: 0032 | TRAIN: 0.0083 1.0000 | 0.0059 1.0000 | 0.0063 1.0000 | Time: 59.2556 | VAL: 0.6156 0.8678 | 0.4285 0.9775 | 0.3218 0.9732 | Time: 2.6919 | TEST: 0.6488 0.8376 | 0.5221 0.9426 | 0.4224 0.9833 | Time: 3.1015
Epoch: 0033 | TRAIN: 0.0097 0.9994 | 0.0064 1.0000 | 0.0060 1.0000 | Time: 59.3516 | VAL: 0.6146 0.8533 | 0.4622 1.0000 | 0.3338 0.9732 | Time: 2.5623 | TEST: 0.6677 0.8410 | 0.5099 0.9426 | 0.4301 0.9833 | Time: 3.1226
Epoch: 0034 | TRAIN: 0.0087 0.9982 | 0.0061 1.0000 | 0.0058 1.0000 | Time: 59.3685 | VAL: 0.6030 0.8641 | 0.4412 0.9775 | 0.2446 0.9799 | Time: 2.6192 | TEST: 0.6265 0.8547 | 0.4756 0.9344 | 0.3432 0.9722 | Time: 3.1115
Epoch: 0035 | TRAIN: 0.0119 0.9982 | 0.0058 1.0000 | 0.0058 1.0000 | Time: 59.4236 | VAL: 0.6166 0.8533 | 0.3875 0.9775 | 0.2754 0.9799 | Time: 2.7137 | TEST: 0.6039 0.8479 | 0.4545 0.9508 | 0.3732 0.9722 | Time: 3.2475
Epoch: 0036 | TRAIN: 0.0076 0.9994 | 0.0055 1.0000 | 0.0059 1.0000 | Time: 60.4346 | VAL: 0.6429 0.8442 | 0.3967 0.9775 | 0.3103 0.9732 | Time: 2.5769 | TEST: 0.6054 0.8581 | 0.4834 0.9508 | 0.3932 0.9778 | Time: 3.2103
Epoch: 0037 | TRAIN: 0.0114 0.9994 | 0.0056 1.0000 | 0.0054 1.0000 | Time: 59.2126 | VAL: 0.7033 0.8406 | 0.3943 1.0000 | 0.2620 0.9732 | Time: 2.6765 | TEST: 0.6970 0.8376 | 0.4589 0.9590 | 0.3569 0.9722 | Time: 3.0525
Epoch: 0038 | TRAIN: 0.0099 0.9994 | 0.0055 1.0000 | 0.0048 1.0000 | Time: 59.2323 | VAL: 0.6613 0.8460 | 0.3942 0.9775 | 0.2585 0.9732 | Time: 2.7509 | TEST: 0.6948 0.8359 | 0.4120 0.9508 | 0.3456 0.9667 | Time: 3.1683
Epoch: 0039 | TRAIN: 0.0069 1.0000 | 0.0048 1.0000 | 0.0055 1.0000 | Time: 59.1536 | VAL: 0.6293 0.8496 | 0.4110 0.9551 | 0.2735 0.9799 | Time: 2.5570 | TEST: 0.6346 0.8479 | 0.4095 0.9426 | 0.3892 0.9722 | Time: 3.1821
Epoch: 0040 | TRAIN: 0.0064 1.0000 | 0.0045 1.0000 | 0.0052 1.0000 | Time: 59.5108 | VAL: 0.5966 0.8641 | 0.3529 0.9888 | 0.3032 0.9664 | Time: 2.9042 | TEST: 0.6084 0.8598 | 0.3936 0.9508 | 0.4119 0.9667 | Time: 3.2509
Epoch: 0041 | TRAIN: 0.0069 1.0000 | 0.0051 1.0000 | 0.0052 1.0000 | Time: 59.4170 | VAL: 0.5883 0.8659 | 0.3859 0.9551 | 0.3037 0.9664 | Time: 2.7880 | TEST: 0.6031 0.8684 | 0.4585 0.9426 | 0.3937 0.9556 | Time: 3.1675
Epoch: 0042 | TRAIN: 0.0066 1.0000 | 0.0048 1.0000 | 0.0052 1.0000 | Time: 59.9928 | VAL: 0.6243 0.8587 | 0.4018 0.9888 | 0.2540 0.9866 | Time: 2.6953 | TEST: 0.6447 0.8496 | 0.4910 0.9426 | 0.3172 0.9778 | Time: 3.1906
Epoch: 0043 | TRAIN: 0.0063 1.0000 | 0.0044 1.0000 | 0.0044 1.0000 | Time: 58.9795 | VAL: 0.6461 0.8551 | 0.3588 0.9888 | 0.1918 0.9866 | Time: 2.8205 | TEST: 0.6599 0.8359 | 0.4307 0.9426 | 0.2942 0.9778 | Time: 3.3538
Epoch: 0044 | TRAIN: 0.0062 1.0000 | 0.0044 1.0000 | 0.0049 1.0000 | Time: 59.4595 | VAL: 0.6229 0.8587 | 0.3388 0.9888 | 0.2363 0.9732 | Time: 2.5719 | TEST: 0.6224 0.8598 | 0.3835 0.9754 | 0.3383 0.9722 | Time: 3.3122
Epoch: 0045 | TRAIN: 0.0057 1.0000 | 0.0047 1.0000 | 0.0041 1.0000 | Time: 59.5107 | VAL: 0.6389 0.8496 | 0.3859 1.0000 | 0.3209 0.9597 | Time: 2.8525 | TEST: 0.6357 0.8462 | 0.4188 0.9672 | 0.3977 0.9667 | Time: 3.0961
Epoch: 0046 | TRAIN: 0.0060 1.0000 | 0.0045 1.0000 | 0.0044 1.0000 | Time: 59.9777 | VAL: 0.6000 0.8641 | 0.3473 0.9888 | 0.3406 0.9664 | Time: 2.6188 | TEST: 0.6114 0.8427 | 0.4240 0.9344 | 0.4155 0.9611 | Time: 3.2488
Epoch: 0047 | TRAIN: 0.0109 0.9994 | 0.0044 1.0000 | 0.0048 1.0000 | Time: 59.6018 | VAL: 0.6542 0.8514 | 0.3050 1.0000 | 0.2743 0.9732 | Time: 2.7761 | TEST: 0.6874 0.8376 | 0.4138 0.9508 | 0.3819 0.9722 | Time: 3.1874
Epoch: 0048 | TRAIN: 0.0068 0.9994 | 0.0042 1.0000 | 0.0041 1.0000 | Time: 59.7027 | VAL: 0.6276 0.8605 | 0.3529 0.9888 | 0.1840 0.9799 | Time: 2.6641 | TEST: 0.6490 0.8410 | 0.4030 0.9590 | 0.3024 0.9833 | Time: 3.2923
Epoch: 0049 | TRAIN: 0.0059 1.0000 | 0.0039 1.0000 | 0.0041 1.0000 | Time: 60.1349 | VAL: 0.6824 0.8406 | 0.4262 0.9888 | 0.2177 0.9799 | Time: 2.7945 | TEST: 0.6849 0.8325 | 0.4626 0.9508 | 0.3177 0.9778 | Time: 3.3520
Epoch: 0050 | TRAIN: 0.0060 1.0000 | 0.0041 1.0000 | 0.0041 1.0000 | Time: 59.9689 | VAL: 0.6315 0.8551 | 0.4026 0.9551 | 0.3080 0.9664 | Time: 2.5639 | TEST: 0.6267 0.8496 | 0.4605 0.9508 | 0.3675 0.9778 | Time: 3.2032
Epoch: 0051 | TRAIN: 0.0083 0.9988 | 0.0038 1.0000 | 0.0046 1.0000 | Time: 59.5354 | VAL: 0.6265 0.8533 | 0.3099 0.9775 | 0.3243 0.9664 | Time: 2.8651 | TEST: 0.6599 0.8376 | 0.3635 0.9672 | 0.3799 0.9778 | Time: 3.3107
Epoch: 0052 | TRAIN: 0.0046 1.0000 | 0.0038 1.0000 | 0.0045 1.0000 | Time: 59.1635 | VAL: 0.6272 0.8569 | 0.3020 0.9888 | 0.2411 0.9799 | Time: 2.5406 | TEST: 0.6609 0.8342 | 0.3266 0.9754 | 0.3206 0.9722 | Time: 3.3198
Epoch: 0053 | TRAIN: 0.0124 0.9988 | 0.0037 1.0000 | 0.0035 1.0000 | Time: 59.7771 | VAL: 0.6447 0.8551 | 0.3612 0.9775 | 0.2037 0.9799 | Time: 2.7353 | TEST: 0.6484 0.8393 | 0.3807 0.9426 | 0.2993 0.9833 | Time: 3.0872
Epoch: 0054 | TRAIN: 0.0059 1.0000 | 0.0035 1.0000 | 0.0038 1.0000 | Time: 60.7079 | VAL: 0.5922 0.8659 | 0.3350 0.9888 | 0.2469 0.9799 | Time: 2.7580 | TEST: 0.6243 0.8444 | 0.3927 0.9344 | 0.3335 0.9611 | Time: 3.1590
Epoch: 0055 | TRAIN: 0.0049 1.0000 | 0.0036 1.0000 | 0.0041 1.0000 | Time: 59.2928 | VAL: 0.6196 0.8551 | 0.3332 0.9663 | 0.2457 0.9732 | Time: 2.6098 | TEST: 0.7040 0.8376 | 0.3884 0.9426 | 0.3472 0.9722 | Time: 3.2553
Epoch: 0056 | TRAIN: 0.0051 1.0000 | 0.0036 1.0000 | 0.0033 1.0000 | Time: 59.7534 | VAL: 0.5925 0.8678 | 0.3239 0.9663 | 0.2284 0.9664 | Time: 2.7815 | TEST: 0.6243 0.8530 | 0.3675 0.9426 | 0.3181 0.9722 | Time: 3.2711
Epoch: 0057 | TRAIN: 0.0051 1.0000 | 0.0035 1.0000 | 0.0037 1.0000 | Time: 59.6997 | VAL: 0.6194 0.8587 | 0.3599 0.9775 | 0.2407 0.9664 | Time: 2.7714 | TEST: 0.6235 0.8547 | 0.3860 0.9344 | 0.2993 0.9778 | Time: 3.0957
Epoch: 0058 | TRAIN: 0.0047 1.0000 | 0.0034 1.0000 | 0.0036 1.0000 | Time: 59.4143 | VAL: 0.6182 0.8551 | 0.3550 0.9775 | 0.2485 0.9732 | Time: 2.7476 | TEST: 0.6469 0.8513 | 0.3916 0.9426 | 0.3162 0.9722 | Time: 3.3549
Epoch: 0059 | TRAIN: 0.0051 1.0000 | 0.0032 1.0000 | 0.0031 1.0000 | Time: 59.6083 | VAL: 0.6401 0.8551 | 0.2945 0.9775 | 0.2639 0.9664 | Time: 2.6262 | TEST: 0.7086 0.8376 | 0.3630 0.9508 | 0.3461 0.9667 | Time: 3.2704
Epoch: 0060 | TRAIN: 0.0052 1.0000 | 0.0030 1.0000 | 0.0035 1.0000 | Time: 59.9053 | VAL: 0.6323 0.8569 | 0.2576 1.0000 | 0.2259 0.9664 | Time: 2.7380 | TEST: 0.6761 0.8462 | 0.3423 0.9672 | 0.3337 0.9556 | Time: 3.1127
Epoch: 0061 | TRAIN: 0.0054 0.9994 | 0.0031 1.0000 | 0.0036 1.0000 | Time: 59.5800 | VAL: 0.6438 0.8623 | 0.2713 1.0000 | 0.2137 0.9799 | Time: 2.7148 | TEST: 0.6687 0.8444 | 0.3627 0.9672 | 0.3238 0.9556 | Time: 3.2637
Epoch: 0062 | TRAIN: 0.0038 1.0000 | 0.0033 1.0000 | 0.0029 1.0000 | Time: 59.8876 | VAL: 0.6288 0.8678 | 0.2932 0.9775 | 0.2557 0.9866 | Time: 3.4603 | TEST: 0.6476 0.8547 | 0.3661 0.9426 | 0.3497 0.9611 | Time: 3.4639
Epoch: 0063 | TRAIN: 0.0039 1.0000 | 0.0031 1.0000 | 0.0032 1.0000 | Time: 59.7809 | VAL: 0.6229 0.8533 | 0.3336 0.9663 | 0.2636 0.9732 | Time: 2.7387 | TEST: 0.6506 0.8427 | 0.3828 0.9426 | 0.3346 0.9833 | Time: 3.2581
Epoch: 0064 | TRAIN: 0.0043 1.0000 | 0.0029 1.0000 | 0.0035 1.0000 | Time: 59.9008 | VAL: 0.6611 0.8351 | 0.3142 0.9775 | 0.2457 0.9799 | Time: 2.6371 | TEST: 0.6837 0.8256 | 0.3670 0.9344 | 0.3029 0.9722 | Time: 3.2714
Epoch: 0065 | TRAIN: 0.0039 1.0000 | 0.0030 1.0000 | 0.0029 1.0000 | Time: 59.2902 | VAL: 0.6335 0.8478 | 0.2799 0.9775 | 0.2317 0.9732 | Time: 2.8402 | TEST: 0.6713 0.8342 | 0.3830 0.9344 | 0.2915 0.9611 | Time: 3.3710
Epoch: 0066 | TRAIN: 0.0063 0.9988 | 0.0029 1.0000 | 0.0026 1.0000 | Time: 60.6926 | VAL: 0.6712 0.8496 | 0.3208 0.9888 | 0.2450 0.9664 | Time: 2.7866 | TEST: 0.6989 0.8342 | 0.4286 0.9508 | 0.3187 0.9611 | Time: 3.0911
Epoch: 0067 | TRAIN: 0.0036 1.0000 | 0.0029 1.0000 | 0.0031 1.0000 | Time: 59.8668 | VAL: 0.6855 0.8478 | 0.3415 1.0000 | 0.2103 0.9732 | Time: 2.8680 | TEST: 0.6949 0.8376 | 0.4298 0.9590 | 0.3232 0.9611 | Time: 3.2180
Epoch: 0068 | TRAIN: 0.0054 0.9988 | 0.0029 1.0000 | 0.0032 1.0000 | Time: 59.6914 | VAL: 0.6821 0.8442 | 0.3190 0.9775 | 0.1970 0.9732 | Time: 2.9247 | TEST: 0.7060 0.8342 | 0.3646 0.9672 | 0.3349 0.9722 | Time: 3.2824
