{'weighting': 'MoCoPlus', 'c_mocoplus': 10.0, 'k_mocoplus': 0.0001, 'w_mocoplus': 0.001, 'sigma_mocoplus': 0.1, 'gamma_mocoplus': 100.0, 'gn_mocoplus': 'l2'}
========================================
General Configuration:
	Wighting: MoCoPlus
	Architecture: HPS
	Rep_Grad: False
	Multi_Input: True
	Seed: 0
	Device: cuda:1
MoCoPlus Configuration:
	weighting: MoCoPlus
	c_mocoplus: 10.0
	k_mocoplus: 0.0001
	w_mocoplus: 0.001
	sigma_mocoplus: 0.1
	gamma_mocoplus: 100.0
	gn_mocoplus: l2
Optimizer Configuration:
	optim: adam
	lr: 1e-05
	weight_decay: 1e-05
========================================
Total Params: 11487901
Trainable Params: 11487901
Non-trainable Params: 0
========================================
LOG FORMAT | amazon_LOSS Acc | dslr_LOSS Acc | webcam_LOSS Acc | TIME
Epoch: 0000 | TRAIN: 2.4672 0.4483 | 1.6972 0.7500 | 1.8329 0.6983 | Time: 77.0625 | VAL: 1.6818 0.7138 | 1.2388 0.9663 | 1.3001 0.8859 | Time: 2.4581 | TEST: 1.6653 0.7128 | 1.2801 0.8852 | 1.4072 0.8778 | Time: 2.9316
Epoch: 0001 | TRAIN: 1.3035 0.7554 | 0.4988 0.9970 | 0.7166 0.9790 | Time: 56.4349 | VAL: 1.3138 0.7663 | 0.7751 0.9888 | 0.9156 0.9597 | Time: 2.4629 | TEST: 1.3035 0.7709 | 0.8125 0.9754 | 1.0260 0.9611 | Time: 2.9291
Epoch: 0002 | TRAIN: 0.8678 0.8630 | 0.2060 1.0000 | 0.3647 0.9982 | Time: 56.5777 | VAL: 1.0807 0.8351 | 0.6116 1.0000 | 0.7107 0.9732 | Time: 2.4807 | TEST: 1.0837 0.8222 | 0.6614 0.9754 | 0.8089 0.9833 | Time: 2.9299
Epoch: 0003 | TRAIN: 0.5904 0.9219 | 0.1128 1.0000 | 0.2019 0.9994 | Time: 56.7382 | VAL: 0.9764 0.8388 | 0.5070 1.0000 | 0.6044 0.9799 | Time: 2.5215 | TEST: 0.9825 0.8444 | 0.5633 0.9754 | 0.7031 0.9833 | Time: 3.0582
Epoch: 0004 | TRAIN: 0.4014 0.9579 | 0.0683 1.0000 | 0.1238 1.0000 | Time: 56.7085 | VAL: 0.9506 0.8533 | 0.4816 1.0000 | 0.5170 0.9799 | Time: 2.4571 | TEST: 0.9575 0.8479 | 0.5194 0.9754 | 0.6228 0.9889 | Time: 2.9627
Epoch: 0005 | TRAIN: 0.2702 0.9832 | 0.0490 1.0000 | 0.0831 1.0000 | Time: 56.8005 | VAL: 0.8997 0.8714 | 0.4385 1.0000 | 0.4562 0.9799 | Time: 2.4588 | TEST: 0.9073 0.8444 | 0.5027 0.9672 | 0.5687 0.9833 | Time: 2.9311
Epoch: 0006 | TRAIN: 0.1770 0.9928 | 0.0370 1.0000 | 0.0635 1.0000 | Time: 56.7978 | VAL: 0.8250 0.8659 | 0.4557 1.0000 | 0.4647 0.9732 | Time: 2.4790 | TEST: 0.8459 0.8564 | 0.4967 0.9754 | 0.5549 0.9833 | Time: 2.9996
Epoch: 0007 | TRAIN: 0.1278 0.9982 | 0.0283 1.0000 | 0.0503 1.0000 | Time: 56.7504 | VAL: 0.8154 0.8623 | 0.4636 0.9888 | 0.4463 0.9799 | Time: 2.5022 | TEST: 0.8261 0.8530 | 0.4988 0.9754 | 0.5495 0.9833 | Time: 2.9498
Epoch: 0008 | TRAIN: 0.0879 0.9994 | 0.0234 1.0000 | 0.0393 1.0000 | Time: 56.5526 | VAL: 0.8002 0.8696 | 0.4487 1.0000 | 0.4261 0.9732 | Time: 2.4920 | TEST: 0.7969 0.8564 | 0.4988 0.9672 | 0.5438 0.9889 | Time: 2.9446
Epoch: 0009 | TRAIN: 0.0615 1.0000 | 0.0202 1.0000 | 0.0327 1.0000 | Time: 56.6575 | VAL: 0.7751 0.8786 | 0.4744 1.0000 | 0.4356 0.9799 | Time: 2.4394 | TEST: 0.7826 0.8598 | 0.5258 0.9754 | 0.5393 0.9833 | Time: 2.9050
Epoch: 0010 | TRAIN: 0.0455 1.0000 | 0.0182 1.0000 | 0.0271 1.0000 | Time: 57.4651 | VAL: 0.7108 0.8696 | 0.4755 1.0000 | 0.4487 0.9799 | Time: 2.7779 | TEST: 0.7403 0.8632 | 0.5155 0.9836 | 0.5290 0.9833 | Time: 3.1711
Epoch: 0011 | TRAIN: 0.0357 1.0000 | 0.0175 1.0000 | 0.0231 1.0000 | Time: 59.8963 | VAL: 0.6941 0.8678 | 0.5163 0.9888 | 0.4312 0.9732 | Time: 2.7935 | TEST: 0.6992 0.8496 | 0.5648 0.9672 | 0.5336 0.9722 | Time: 3.1286
Epoch: 0012 | TRAIN: 0.0283 1.0000 | 0.0149 1.0000 | 0.0202 1.0000 | Time: 59.8285 | VAL: 0.6811 0.8678 | 0.5274 0.9888 | 0.4278 0.9799 | Time: 3.0607 | TEST: 0.7038 0.8513 | 0.5700 0.9754 | 0.5267 0.9722 | Time: 3.2713
Epoch: 0013 | TRAIN: 0.0258 1.0000 | 0.0146 1.0000 | 0.0178 1.0000 | Time: 59.4950 | VAL: 0.6709 0.8605 | 0.5159 0.9775 | 0.4300 0.9799 | Time: 2.8564 | TEST: 0.6912 0.8513 | 0.6058 0.9754 | 0.5312 0.9778 | Time: 3.2321
Epoch: 0014 | TRAIN: 0.0211 1.0000 | 0.0134 1.0000 | 0.0157 1.0000 | Time: 59.9484 | VAL: 0.6422 0.8659 | 0.5506 0.9888 | 0.4237 0.9799 | Time: 2.8728 | TEST: 0.6668 0.8496 | 0.5997 0.9754 | 0.5214 0.9722 | Time: 3.0751
Epoch: 0015 | TRAIN: 0.0194 1.0000 | 0.0128 1.0000 | 0.0152 1.0000 | Time: 59.9003 | VAL: 0.6507 0.8460 | 0.5246 0.9888 | 0.3986 0.9732 | Time: 2.8901 | TEST: 0.6667 0.8513 | 0.5752 0.9754 | 0.5010 0.9833 | Time: 3.1531
