========================================
General Configuration:
	Wighting: MoCoPlus
	Architecture: HPS
	Rep_Grad: False
	Multi_Input: True
	Seed: 0
	Device: cuda:1
MoCoPlus Configuration:
	weighting: MoCoPlus
	c_mocoplus: 10.0
	k_mocoplus: 0.0001
	w_mocoplus: 0.001
	sigma_mocoplus: 0.1
	gamma_mocoplus: 100.0
	gn_mocoplus: l2
Optimizer Configuration:
	optim: adam
	lr: 0.0001
	weight_decay: 1e-05
========================================
Total Params: 11487901
Trainable Params: 11487901
Non-trainable Params: 0
========================================
LOG FORMAT | amazon_LOSS Acc | dslr_LOSS Acc | webcam_LOSS Acc | TIME
