========================================
General Configuration:
	Wighting: MoCoPlus
	Architecture: HPS
	Rep_Grad: False
	Multi_Input: True
	Seed: 0
	Device: cuda:0
MoCoPlus Configuration:
	weighting: MoCoPlus
	c_mocoplus: 10.0
	k_mocoplus: 0.0001
	w_mocoplus: 0.001
	sigma_mocoplus: 0.1
	gamma_mocoplus: 100.0
	gn_mocoplus: l2
Optimizer Configuration:
	optim: adam
	lr: 0.0001
	weight_decay: 1e-05
========================================
Total Params: 11573572
Trainable Params: 11573572
Non-trainable Params: 0
========================================
LOG FORMAT | Art_LOSS Acc | Clipart_LOSS Acc | Product_LOSS Acc | Real_World_LOSS Acc | TIME
Epoch: 0000 | TRAIN: 2.9417 0.4101 | 3.1656 0.3424 | 2.8028 0.4817 | 2.7834 0.4657 | Time: 507.8411 | VAL: 2.6938 0.4495 | 2.6974 0.4988 | 1.9405 0.6849 | 2.0497 0.6560 | Time: 23.1859 | TEST: 2.7382 0.4668 | 2.6796 0.5081 | 1.8749 0.7150 | 2.0870 0.6400 | Time: 24.8253
Epoch: 0001 | TRAIN: 1.7475 0.7367 | 2.0480 0.6463 | 1.5391 0.7860 | 1.6159 0.7645 | Time: 346.7800 | VAL: 2.2198 0.5613 | 2.1792 0.5934 | 1.3532 0.7791 | 1.5597 0.7530 | Time: 23.4873 | TEST: 2.2736 0.5712 | 2.1504 0.6273 | 1.2816 0.7956 | 1.5885 0.7330 | Time: 23.9573
Epoch: 0002 | TRAIN: 1.0889 0.8965 | 1.4635 0.7826 | 0.9767 0.8914 | 1.0661 0.8821 | Time: 346.4254 | VAL: 1.9892 0.6151 | 1.8578 0.6655 | 1.0842 0.8209 | 1.3229 0.7790 | Time: 23.8151 | TEST: 2.0311 0.5958 | 1.8363 0.6988 | 1.0167 0.8411 | 1.3354 0.7827 | Time: 24.3692
Epoch: 0003 | TRAIN: 0.6665 0.9672 | 1.0502 0.8756 | 0.6447 0.9449 | 0.7192 0.9396 | Time: 347.2591 | VAL: 1.7983 0.6602 | 1.6400 0.7080 | 0.9145 0.8500 | 1.1825 0.7896 | Time: 23.5165 | TEST: 1.8483 0.6357 | 1.6173 0.7281 | 0.8633 0.8686 | 1.1875 0.7870 | Time: 24.4118
Epoch: 0004 | TRAIN: 0.3902 0.9905 | 0.7568 0.9240 | 0.4343 0.9760 | 0.4883 0.9647 | Time: 346.1130 | VAL: 1.7152 0.6581 | 1.5175 0.7293 | 0.8176 0.8616 | 1.1148 0.7813 | Time: 23.1662 | TEST: 1.7588 0.6414 | 1.4943 0.7465 | 0.7748 0.8739 | 1.1192 0.7989 | Time: 24.0073
Epoch: 0005 | TRAIN: 0.2366 0.9937 | 0.5659 0.9535 | 0.2920 0.9901 | 0.3444 0.9817 | Time: 347.8080 | VAL: 1.6303 0.6753 | 1.4016 0.7400 | 0.7474 0.8640 | 1.0517 0.7991 | Time: 23.3477 | TEST: 1.6766 0.6717 | 1.3752 0.7595 | 0.7038 0.8792 | 1.0608 0.7870 | Time: 24.2175
Epoch: 0006 | TRAIN: 0.1584 0.9945 | 0.4143 0.9680 | 0.2016 0.9956 | 0.2353 0.9901 | Time: 348.3488 | VAL: 1.6367 0.6731 | 1.3327 0.7553 | 0.7283 0.8674 | 1.0317 0.7896 | Time: 23.7377 | TEST: 1.6657 0.6603 | 1.2944 0.7627 | 0.6763 0.8824 | 1.0509 0.7859 | Time: 23.9593
Epoch: 0007 | TRAIN: 0.1172 0.9937 | 0.3077 0.9819 | 0.1381 0.9975 | 0.1714 0.9945 | Time: 352.5123 | VAL: 1.6039 0.6710 | 1.3025 0.7553 | 0.6830 0.8698 | 1.0056 0.7979 | Time: 23.6994 | TEST: 1.6547 0.6565 | 1.2512 0.7757 | 0.6378 0.8898 | 1.0172 0.7903 | Time: 24.3355
