python -u train_office.py --multi_input --seed 0 --gpu_id 1 --dataset_path office-31 --dataset office-31 --bs 128 --weighting MO_STORM  --lr 1e-5 --gamma_mo_storm 100 --c_mo_storm 10 --w_mo_storm 1e-3 --k_mo_storm 1e-4 --sigma_mo_storm 0.1 --weight_decay 1e-5 --optim adam --momentum 0. > icassp_logs/office-31-MO_STORM-seed-0-adam-lr-1e-5-k-1e-4-w-1e-3-sigma-0.1-c-10-gamma-100-weight_decay-1e-5-bs-128.out
Traceback (most recent call last):
  File "train_office.py", line 1, in <module>
    import torch, argparse
  File "/home/hdf/anaconda3/envs/libmtl/lib/python3.8/site-packages/torch/__init__.py", line 635, in <module>
    from . import _torch_docs, _tensor_docs, _storage_docs
  File "<frozen importlib._bootstrap>", line 991, in _find_and_load
  File "<frozen importlib._bootstrap>", line 975, in _find_and_load_unlocked
  File "<frozen importlib._bootstrap>", line 671, in _load_unlocked
  File "<frozen importlib._bootstrap_external>", line 839, in exec_module
  File "<frozen importlib._bootstrap_external>", line 934, in get_code
  File "<frozen importlib._bootstrap_external>", line 1033, in get_data
KeyboardInterrupt
python -u train_office.py --multi_input --seed 0 --gpu_id 1 --dataset_path office-31 --dataset office-31 --bs 128 --weighting MO_STORM  --lr 1e-5 --gamma_mo_storm 100 --c_mo_storm 10 --w_mo_storm 1e-3 --k_mo_storm 1e-4 --sigma_mo_storm 0.1 --weight_decay 1e-5 --optim adam --momentum 0. > icassp_logs/office-31-MO_STORM-seed-0-adam-lr-1e-5-k-1e-4-w-1e-3-sigma-0.1-c-10-gamma-100-weight_decay-1e-5-bs-128.out
python -u train_office.py --multi_input --seed 0 --gpu_id 0 --dataset_path office-31 --dataset office-31 --bs 128 --weighting EW_STORM  --lr 1e-5 --gamma_ew_storm 100 --c_ew_storm 10 --w_ew_storm 1e-3 --k_ew_storm 1e-4 --sigma_ew_storm 0.1 --weight_decay 1e-5 --optim adam --momentum 0. > icassp_logs/office-31-EW_STORM-seed-0-adam-lr-1e-5-k-1e-4-w-1e-3-sigma-0.1-c-10-gamma-100-weight_decay-1e-5-bs-128.out
usage: train_office.py [-h] [--seed SEED] [--gpu_id GPU_ID]
                       [--weighting WEIGHTING] [--arch ARCH] [--rep_grad]
                       [--multi_input] [--balanced] [--optim OPTIM] [--lr LR]
                       [--momentum MOMENTUM] [--weight_decay WEIGHT_DECAY]
                       [--scheduler SCHEDULER] [--step_size STEP_SIZE]
                       [--gamma GAMMA] [--T T] [--mgda_gn MGDA_GN]
                       [--beta BETA] [--alpha ALPHA] [--leak LEAK]
                       [--calpha CALPHA] [--rescale RESCALE]
                       [--update_weights_every UPDATE_WEIGHTS_EVERY]
                       [--optim_niter OPTIM_NITER] [--max_norm MAX_NORM]
                       [--beta_moco BETA_MOCO] [--gamma_moco GAMMA_MOCO]
                       [--rho_moco RHO_MOCO] [--moco_gn MOCO_GN]
                       [--gamma_modo GAMMA_MODO] [--rho_modo RHO_MODO]
                       [--modo_gn MODO_GN] [--task_idx TASK_IDX]
                       [--c_ew_storm C_EW_STORM] [--k_ew_storm K_EW_STORM]
                       [--w_ew_storm W_EW_STORM]
                       [--sigma_ew_storm SIGMA_EW_STORM]
                       [--c_mo_storm C_MO_STORM] [--k_mo_storm K_MO_STORM]
                       [--w_mo_storm W_MO_STORM]
                       [--sigma_mo_storm SIGMA_MO_STORM]
                       [--gamma_mo_storm GAMMA_MO_STORM]
                       [--gn_mo_storm GN_MO_STORM]
                       [--img_size IMG_SIZE [IMG_SIZE ...]]
                       [--num_experts NUM_EXPERTS [NUM_EXPERTS ...]]
                       [--num_nonzeros NUM_NONZEROS] [--kgamma KGAMMA]
                       [--dataset DATASET] [--bs BS]
                       [--dataset_path DATASET_PATH] [--light_model]
train_office.py: error: unrecognized arguments: --gamma_ew_storm 100
python -u train_office.py --multi_input --seed 0 --gpu_id 0 --dataset_path office-31 --dataset office-31 --bs 128 --weighting EW_STORM  --lr 1e-5 --c_ew_storm 10 --w_ew_storm 1e-3 --k_ew_storm 1e-4 --sigma_ew_storm 0.1 --weight_decay 1e-5 --optim adam --momentum 0. > icassp_logs/office-31-EW_STORM-seed-0-adam-lr-1e-5-k-1e-4-w-1e-3-sigma-0.1-c-10-weight_decay-1e-5-bs-128.out
Killed
Killed
python -u train_office.py --multi_input --seed 0 --gpu_id 1 --dataset_path office-31 --dataset office-31 --bs 128 --weighting MoCoPlus  --lr 1e-5 --gamma_mocoplus 100 --c_mocoplus 10 --w_mocoplus 1e-3 --k_mocoplus 1e-4 --sigma_mocoplus 0.1 --weight_decay 1e-5 --optim adam --momentum 0. > icassp_logs/office-31-MoCoPlus-seed-0-adam-lr-1e-5-k-1e-4-w-1e-3-sigma-0.1-c-10-gamma-100-weight_decay-1e-5-bs-128.out
usage: train_office.py [-h] [--seed SEED] [--gpu_id GPU_ID]
                       [--weighting WEIGHTING] [--arch ARCH] [--rep_grad]
                       [--multi_input] [--balanced] [--optim OPTIM] [--lr LR]
                       [--momentum MOMENTUM] [--weight_decay WEIGHT_DECAY]
                       [--scheduler SCHEDULER] [--step_size STEP_SIZE]
                       [--gamma GAMMA] [--T T] [--mgda_gn MGDA_GN]
                       [--beta BETA] [--alpha ALPHA] [--leak LEAK]
                       [--calpha CALPHA] [--rescale RESCALE]
                       [--update_weights_every UPDATE_WEIGHTS_EVERY]
                       [--optim_niter OPTIM_NITER] [--max_norm MAX_NORM]
                       [--beta_moco BETA_MOCO] [--gamma_moco GAMMA_MOCO]
                       [--rho_moco RHO_MOCO] [--moco_gn MOCO_GN]
                       [--gamma_modo GAMMA_MODO] [--rho_modo RHO_MODO]
                       [--modo_gn MODO_GN] [--task_idx TASK_IDX]
                       [--c_ew_storm C_EW_STORM] [--k_ew_storm K_EW_STORM]
                       [--w_ew_storm W_EW_STORM]
                       [--sigma_ew_storm SIGMA_EW_STORM]
                       [--c_mo_storm C_MO_STORM] [--k_mo_storm K_MO_STORM]
                       [--w_mo_storm W_MO_STORM]
                       [--sigma_mo_storm SIGMA_MO_STORM]
                       [--gamma_mo_storm GAMMA_MO_STORM]
                       [--gn_mo_storm GN_MO_STORM]
                       [--img_size IMG_SIZE [IMG_SIZE ...]]
                       [--num_experts NUM_EXPERTS [NUM_EXPERTS ...]]
                       [--num_nonzeros NUM_NONZEROS] [--kgamma KGAMMA]
                       [--dataset DATASET] [--bs BS]
                       [--dataset_path DATASET_PATH] [--light_model]
train_office.py: error: unrecognized arguments: --gamma_mocoplus 100 --c_mocoplus 10 --w_mocoplus 1e-3 --k_mocoplus 1e-4 --sigma_mocoplus 0.1
python -u train_office.py --multi_input --seed 0 --gpu_id 1 --dataset_path office-31 --dataset office-31 --bs 128 --weighting MoCoPlus  --lr 1e-5 --gamma_mocoplus 100 --c_mocoplus 10 --w_mocoplus 1e-3 --k_mocoplus 1e-4 --sigma_mocoplus 0.1 --weight_decay 1e-5 --optim adam --momentum 0. > icassp_logs/office-31-MoCoPlus-seed-0-adam-lr-1e-5-k-1e-4-w-1e-3-sigma-0.1-c-10-gamma-100-weight_decay-1e-5-bs-128.out
Traceback (most recent call last):
  File "train_office.py", line 394, in <module>
    main(params)
  File "train_office.py", line 383, in main
    officeModel.train(train_dataloaders=train_dataloaders, 
  File "train_office.py", line 330, in train
    w = self.model.backward(train_losses, train_losses_, **self.kwargs['weight_args'])
  File "/home/hdf/hdf/MoDo/LibMTL/LibMTL/weighting/MoCoPlus.py", line 68, in backward
    c = kwargs['c_mocoplus']
KeyError: 'c_mocoplus'
python -u train_office.py --multi_input --seed 0 --gpu_id 1 --dataset_path office-31 --dataset office-31 --bs 128 --weighting MoCoPlus  --lr 1e-5 --gamma_mocoplus 100 --c_mocoplus 10 --w_mocoplus 1e-3 --k_mocoplus 1e-4 --sigma_mocoplus 0.1 --weight_decay 1e-5 --optim adam --momentum 0. > icassp_logs/office-31-MoCoPlus-seed-0-adam-lr-1e-5-k-1e-4-w-1e-3-sigma-0.1-c-10-gamma-100-weight_decay-1e-5-bs-128.out
python -u train_office.py --multi_input --seed 0 --gpu_id 0 --dataset_path  --dataset  --bs 64 --weighting MoCoPlus  --lr 1e-5 --gamma_mocoplus 100 --c_mocoplus 10 --w_mocoplus 1e-2 --k_mocoplus 1e-4 --sigma_mocoplus 0.1 --weight_decay 1e-5 --optim adam --momentum 0. > /-MoCoPlus-seed-0-adam-lr-1e-5-k-1e-4-w-1e-2-sigma-0.1-c-10-gamma-100-weight_decay-1e-5-bs-64.out
./run_moco_plus_office-home.sh: 23: cannot create /-MoCoPlus-seed-0-adam-lr-1e-5-k-1e-4-w-1e-2-sigma-0.1-c-10-gamma-100-weight_decay-1e-5-bs-64.out: Permission denied
python -u train_office.py --multi_input --seed 0 --gpu_id 0 --dataset_path office-home --dataset office-home --bs 64 --weighting MoCoPlus  --lr 1e-5 --gamma_mocoplus 100 --c_mocoplus 10 --w_mocoplus 1e-2 --k_mocoplus 1e-4 --sigma_mocoplus 0.1 --weight_decay 1e-5 --optim adam --momentum 0. > icassp_logs/office-home-MoCoPlus-seed-0-adam-lr-1e-5-k-1e-4-w-1e-2-sigma-0.1-c-10-gamma-100-weight_decay-1e-5-bs-64.out
Killed
Killed
python -u train_office.py --multi_input --seed 0 --gpu_id 0 --dataset_path office-home --dataset office-home --bs 64 --weighting MoCoPlus  --lr 1e-5 --gamma_mocoplus 100 --c_mocoplus 10 --w_mocoplus 1e-2 --k_mocoplus 1e-4 --sigma_mocoplus 0.1 --weight_decay 1e-5 --optim adam --momentum 0. > icassp_logs/office-home-MoCoPlus-seed-0-adam-lr-1e-5-k-1e-4-w-1e-2-sigma-0.1-c-10-gamma-100-weight_decay-1e-5-bs-64.out
Killed
python -u train_office.py --multi_input --seed 0 --gpu_id 1 --dataset_path office-31 --dataset office-31 --bs 128 --weighting MoCoPlus --k_mocoplus 1e-4 --w_mocoplus 1e-3 --sigma_mocoplus 0.1 --c_mocoplus 10  --gamma_mocoplus 100 --weight_decay 1e-5 --optim adam --momentum 0. > icassp_logs/office-31-MoCoPlus-seed-0-adam-lr--k-1e-4-w-1e-3-sigma-0.1-c-10-gamma-100-weight_decay-1e-5-bs-128.out
Killed
python -u train_office.py --multi_input --seed 0 --gpu_id 1 --dataset_path office-31 --dataset office-31 --bs 128 --weighting MoCoPlus --k_mocoplus 1e-4 --w_mocoplus 1e-3 --sigma_mocoplus 0.1 --c_mocoplus 10  --gamma_mocoplus 100 --weight_decay 1e-5 --optim adam --momentum 0. > icassp_logs/office-31-MoCoPlus-seed-0-adam-k-1e-4-w-1e-3-sigma-0.1-c-10-gamma-100-weight_decay-1e-5-bs-128.out
python -u train_office.py --multi_input --seed 0 --gpu_id 0 --dataset_path office-home --dataset office-home --bs 128 --weighting MoCoPlus  --lr 1e-5 --gamma_mocoplus 100 --c_mocoplus 10 --w_mocoplus 1e-2 --k_mocoplus 1e-4 --sigma_mocoplus 0.1 --weight_decay 1e-5 --optim adam --momentum 0. > icassp_logs/office-home-MoCoPlus-seed-0-adam-lr-1e-5-k-1e-4-w-1e-2-sigma-0.1-c-10-gamma-100-weight_decay-1e-5-bs-128.out
Killed
python -u train_office.py --multi_input --seed 0 --gpu_id 0 --dataset_path office-home --dataset office-home --bs 128 --weighting MoCoPlus --k_mocoplus 1e-4 --w_mocoplus 1e-3 --sigma_mocoplus 0.1 --c_mocoplus 10  --gamma_mocoplus 100 --weight_decay  --optim adam --momentum 0. > icassp_logs/office-home-MoCoPlus-seed-0-adam-k-1e-4-w-1e-3-sigma-0.1-c-10-gamma-100-weight_decay--bs-128.out
usage: train_office.py [-h] [--seed SEED] [--gpu_id GPU_ID]
                       [--weighting WEIGHTING] [--arch ARCH] [--rep_grad]
                       [--multi_input] [--balanced] [--optim OPTIM] [--lr LR]
                       [--momentum MOMENTUM] [--weight_decay WEIGHT_DECAY]
                       [--scheduler SCHEDULER] [--step_size STEP_SIZE]
                       [--gamma GAMMA] [--T T] [--mgda_gn MGDA_GN]
                       [--beta BETA] [--alpha ALPHA] [--leak LEAK]
                       [--calpha CALPHA] [--rescale RESCALE]
                       [--update_weights_every UPDATE_WEIGHTS_EVERY]
                       [--optim_niter OPTIM_NITER] [--max_norm MAX_NORM]
                       [--beta_moco BETA_MOCO] [--gamma_moco GAMMA_MOCO]
                       [--rho_moco RHO_MOCO] [--moco_gn MOCO_GN]
                       [--gamma_modo GAMMA_MODO] [--rho_modo RHO_MODO]
                       [--modo_gn MODO_GN] [--task_idx TASK_IDX]
                       [--c_ew_storm C_EW_STORM] [--k_ew_storm K_EW_STORM]
                       [--w_ew_storm W_EW_STORM]
                       [--sigma_ew_storm SIGMA_EW_STORM]
                       [--c_mocoplus C_MOCOPLUS] [--k_mocoplus K_MOCOPLUS]
                       [--w_mocoplus W_MOCOPLUS]
                       [--sigma_mocoplus SIGMA_MOCOPLUS]
                       [--gamma_mocoplus GAMMA_MOCOPLUS]
                       [--gn_mocoplus GN_MOCOPLUS]
                       [--img_size IMG_SIZE [IMG_SIZE ...]]
                       [--num_experts NUM_EXPERTS [NUM_EXPERTS ...]]
                       [--num_nonzeros NUM_NONZEROS] [--kgamma KGAMMA]
                       [--dataset DATASET] [--bs BS]
                       [--dataset_path DATASET_PATH] [--light_model]
train_office.py: error: argument --weight_decay: expected one argument
python -u train_office.py --multi_input --seed 0 --gpu_id 0 --dataset_path office-home --dataset office-home --bs 128 --weighting MoCoPlus --k_mocoplus 1e-4 --w_mocoplus 1e-3 --sigma_mocoplus 0.1 --c_mocoplus 10  --gamma_mocoplus 100 --weight_decay 1e-5 --optim adam --momentum 0. > icassp_logs/office-home-MoCoPlus-seed-0-adam-k-1e-4-w-1e-3-sigma-0.1-c-10-gamma-100-weight_decay-1e-5-bs-128.out
Killed
Killed
python -u train_office.py --multi_input --seed 0 --gpu_id 0 --dataset_path office-home --dataset office-home --bs 128 --weighting MoCoPlus --k_mocoplus 1e-4 --w_mocoplus 1e-3 --sigma_mocoplus 0.1 --c_mocoplus 10  --gamma_mocoplus 100 --weight_decay 1e-5 --optim adam --momentum 0. > logs/office-home-MoCoPlus-seed-0-adam-k-1e-4-w-1e-3-sigma-0.1-c-10-gamma-100-weight_decay-1e-5-bs-128.out
python -u train_office.py --multi_input --seed 0 --gpu_id 1 --dataset_path office-31 --dataset office-31 --bs 128 --weighting MoCoPlus --k_mocoplus 1e-4 --w_mocoplus 1e-3 --sigma_mocoplus 0.1 --c_mocoplus 10  --gamma_mocoplus 100 --weight_decay 1e-5 --optim adam --momentum 0. > logs/office-31-MoCoPlus-seed-0-adam-k-1e-4-w-1e-3-sigma-0.1-c-10-gamma-100-weight_decay-1e-5-bs-128.out
